  FirstCatapult.cpp
c:\users\user\documents\coursework\ballisticgame\ballisticgame\firstcatapult.cpp(28): warning C4244: аргумент: преобразование "double" в "float", возможна потеря данных
c:\users\user\documents\coursework\ballisticgame\ballisticgame\firstcatapult.cpp(30): warning C4244: аргумент: преобразование "double" в "T", возможна потеря данных
          with
          [
              T=int
          ]
  Game.cpp
c:\users\user\documents\coursework\ballisticgame\ballisticgame\game.cpp(141): warning C4244: аргумент: преобразование "const double" в "T", возможна потеря данных
          with
          [
              T=int
          ]
c:\users\user\documents\coursework\ballisticgame\ballisticgame\game.cpp(142): warning C4244: аргумент: преобразование "const double" в "T", возможна потеря данных
          with
          [
              T=int
          ]
  GameFst.cpp
c:\users\user\documents\coursework\ballisticgame\ballisticgame\gamefst.cpp(57): warning C4244: аргумент: преобразование "const double" в "T", возможна потеря данных
          with
          [
              T=int
          ]
  GameSnd.cpp
c:\users\user\documents\coursework\ballisticgame\ballisticgame\gamesnd.cpp(47): warning C4244: аргумент: преобразование "const double" в "T", возможна потеря данных
          with
          [
              T=int
          ]
  Stone.cpp
c:\users\user\documents\coursework\ballisticgame\ballisticgame\stone.cpp(16): warning C4244: аргумент: преобразование "double" в "float", возможна потеря данных
c:\users\user\documents\coursework\ballisticgame\ballisticgame\stone.cpp(18): warning C4244: аргумент: преобразование "double" в "T", возможна потеря данных
          with
          [
              T=int
          ]
  main.cpp
  Создание кода...
  BallisticGame.vcxproj -> C:\Users\user\Documents\CourseWork\BallisticGame\Debug\BallisticGame.exe
